<?xml version="1.0" encoding="UTF-8"?>
<testng-results ignored="0" total="2" passed="2" failed="0" skipped="0">
  <reporter-output>
  </reporter-output>
  <suite started-at="2024-01-20T22:30:34 GMT-06:00" name="Suite" finished-at="2024-01-20T22:30:49 GMT-06:00" duration-ms="14642">
    <groups>
    </groups>
    <test started-at="2024-01-20T22:30:34 GMT-06:00" name="Test" finished-at="2024-01-20T22:30:49 GMT-06:00" duration-ms="14642">
      <class name="Selenium_Automation.Automation_0118.BaseTest">
        <test-method is-config="true" signature="setUp()[pri:0, instance:Selenium_Automation.Automation_0118.BaseTest@1ca3b418]" started-at="2024-01-20T22:30:34 GMT-06:00" name="setUp" finished-at="2024-01-20T22:30:44 GMT-06:00" duration-ms="9720" status="PASS">
          <reporter-output>
          </reporter-output>
        </test-method> <!-- setUp -->
        <test-method signature="contactUsTest()[pri:0, instance:Selenium_Automation.Automation_0118.BaseTest@1ca3b418]" started-at="2024-01-20T22:30:44 GMT-06:00" name="contactUsTest" finished-at="2024-01-20T22:30:46 GMT-06:00" duration-ms="2479" status="PASS">
          <reporter-output>
          </reporter-output>
        </test-method> <!-- contactUsTest -->
        <test-method signature="industryTest()[pri:0, instance:Selenium_Automation.Automation_0118.BaseTest@1ca3b418]" started-at="2024-01-20T22:30:46 GMT-06:00" name="industryTest" finished-at="2024-01-20T22:30:48 GMT-06:00" duration-ms="1936" status="PASS">
          <reporter-output>
          </reporter-output>
        </test-method> <!-- industryTest -->
        <test-method is-config="true" signature="closeBrowser()[pri:0, instance:Selenium_Automation.Automation_0118.BaseTest@1ca3b418]" started-at="2024-01-20T22:30:48 GMT-06:00" name="closeBrowser" finished-at="2024-01-20T22:30:49 GMT-06:00" duration-ms="416" status="PASS">
          <reporter-output>
          </reporter-output>
        </test-method> <!-- closeBrowser -->
      </class> <!-- Selenium_Automation.Automation_0118.BaseTest -->
    </test> <!-- Test -->
  </suite> <!-- Suite -->
</testng-results>
